2025-05-05 04:27:25,977 INFO Config:
seed: 42
train:
  batch_size: 1000
  epochs: 20
  learning_rate: 0.03
  no_cuda: false
  log_file: logs/train.log
  num_workers: 4
  checkpoint_dir: checkpoints
  max_mask_prob: 0.0
  mask_warmup_epochs: 10
data:
  path: /home/aurora/handful-of-trials-pytorch/pusht_dataset
  n_rollout: 10000
  normalize_action: true
  split_ratio: 0.8
  train_frac: 0.8
  num_hist: 8
  frameskip: 1
  with_velocity: true
  state_mean:
  - 236.6155
  - 264.5674
  - 255.1307
  - 266.3721
  - 0.165
  - 0.6914
  - -2.93032027
  - 2.54307914
  state_std:
  - 101.1202
  - 87.0112
  - 52.7054
  - 57.4971
  - 0.4698
  - 0.5234
  - 74.84556075
  - 74.14009094
model:
  num_models: 5
  state_dim: 8
  action_dim: 2
  embedding_dim: 4
  n_heads: 2
  n_layers: 2
  feedforward_dim: 16
  dropout: 0.1
  mask_curriculum:
    max_mask_prob: 0.5
    warmup_epochs: 10
  var_threshold: 0.25
wandb:
  enable: true
  project: gnn-dynamics
  run_name: masked-dynamics-experiment

2025-05-05 05:15:20,422 INFO Epoch 1, Train Loss: 0.042212
2025-05-05 05:15:29,550 INFO Epoch 1, Val Loss: 0.011345
2025-05-05 05:15:29,570 INFO Saved checkpoint: checkpoints/masked-dynamics-experiment_20250505_042725/model_epoch1.pt
2025-05-05 06:03:58,379 INFO Epoch 2, Train Loss: 0.036011
2025-05-05 06:04:07,698 INFO Epoch 2, Val Loss: 0.014562
2025-05-05 06:52:56,095 INFO Epoch 3, Train Loss: 0.047760
2025-05-05 06:53:05,621 INFO Epoch 3, Val Loss: 0.016793
2025-05-05 07:41:43,167 INFO Epoch 4, Train Loss: 0.048511
2025-05-05 07:41:52,265 INFO Epoch 4, Val Loss: 0.019763
2025-05-05 08:30:07,706 INFO Epoch 5, Train Loss: 0.052261
2025-05-05 08:30:16,917 INFO Epoch 5, Val Loss: 0.025228
2025-05-05 09:18:10,099 INFO Epoch 6, Train Loss: 0.052884
2025-05-05 09:18:19,323 INFO Epoch 6, Val Loss: 0.019864
2025-05-05 10:06:27,596 INFO Epoch 7, Train Loss: 0.054007
2025-05-05 10:06:37,293 INFO Epoch 7, Val Loss: 0.030048
2025-05-05 10:54:25,755 INFO Epoch 8, Train Loss: 0.056978
2025-05-05 10:54:34,750 INFO Epoch 8, Val Loss: 0.025469
2025-05-05 11:45:38,372 INFO Epoch 9, Train Loss: 0.060064
2025-05-05 11:45:48,824 INFO Epoch 9, Val Loss: 0.027506
2025-05-05 12:38:19,367 INFO Epoch 10, Train Loss: 0.059992
2025-05-05 12:38:28,364 INFO Epoch 10, Val Loss: 0.026916
2025-05-05 13:26:00,583 INFO Epoch 11, Train Loss: 0.059000
2025-05-05 13:26:10,186 INFO Epoch 11, Val Loss: 0.024961
2025-05-05 14:17:13,199 INFO Epoch 12, Train Loss: 0.057985
2025-05-05 14:17:22,209 INFO Epoch 12, Val Loss: 0.024615
2025-05-05 15:05:17,389 INFO Epoch 13, Train Loss: 0.061217
2025-05-05 15:05:26,775 INFO Epoch 13, Val Loss: 0.029396
